2023-06-30 20:07:58.706 [info] Extension host with pid 15957 started
2023-06-30 20:07:58.779 [info] ExtensionService#_doActivateExtension vscode.git-base, startup: true, activationEvent: '*', root cause: vscode.git
2023-06-30 20:07:58.782 [info] ExtensionService#_doActivateExtension vscodevim.vim, startup: true, activationEvent: '*'
2023-06-30 20:07:58.870 [info] ExtensionService#_doActivateExtension vscode.git, startup: true, activationEvent: '*'
2023-06-30 20:07:58.888 [info] ExtensionService#_doActivateExtension vscode.github, startup: true, activationEvent: '*'
2023-06-30 20:07:59.029 [info] Eager extensions activated
2023-06-30 20:07:59.030 [info] ExtensionService#_doActivateExtension vscode.debug-auto-launch, startup: false, activationEvent: 'onStartupFinished'
2023-06-30 20:07:59.032 [info] ExtensionService#_doActivateExtension vscode.merge-conflict, startup: false, activationEvent: 'onStartupFinished'
2023-06-30 20:07:59.964 [error] Error: ENOENT: no such file or directory, open '/home/juan/.config/Code - OSS/User/globalStorage/vscodevim.vim/.registers'
2023-06-30 20:08:03.257 [info] ExtensionService#_doActivateExtension vscode.emmet, startup: false, activationEvent: 'onLanguage'
2023-06-30 20:11:09.655 [info] ExtensionService#_doActivateExtension vscode.json-language-features, startup: false, activationEvent: 'onLanguage:jsonc'
2023-06-30 20:11:09.675 [info] ExtensionService#_doActivateExtension vscode.typescript-language-features, startup: false, activationEvent: 'onLanguage:jsonc'
2023-06-30 20:15:19.590 [warning] TextEditor is closed/disposed
2023-06-30 20:15:19.590 [warning] TextEditor is closed/disposed
2023-06-30 20:19:09.687 [info] Extension host terminating: renderer closed the MessagePort
2023-06-30 20:19:09.697 [error] TypeError: r.some is not a function
	at d.saveToDisk (/home/juan/.vscode-oss/extensions/vscodevim.vim-1.25.2-universal/out/extension.js:2:669912)
	at t.deactivate (/home/juan/.vscode-oss/extensions/vscodevim.vim-1.25.2-universal/out/extension.js:2:213764)
	at v.Y (/usr/lib/code/out/vs/workbench/api/node/extensionHostProcess.js:112:10974)
	at /usr/lib/code/out/vs/workbench/api/node/extensionHostProcess.js:112:9157
	at Array.map (<anonymous>)
	at v.R (/usr/lib/code/out/vs/workbench/api/node/extensionHostProcess.js:112:9144)
	at v.terminate (/usr/lib/code/out/vs/workbench/api/node/extensionHostProcess.js:112:9415)
	at d.terminate (/usr/lib/code/out/vs/workbench/api/node/extensionHostProcess.js:116:1544)
	at g (/usr/lib/code/out/vs/workbench/api/node/extensionHostProcess.js:126:34439)
	at MessagePortMain.<anonymous> (/usr/lib/code/out/vs/workbench/api/node/extensionHostProcess.js:126:30578)
	at MessagePortMain.emit (node:events:513:28)
	at MessagePortMain._internalPort.emit (node:electron/js2c/utility_init:2:367)
2023-06-30 20:19:09.698 [info] Extension host with pid 15957 exiting with code 0
