2023-06-30 20:07:59.015 [info] Configuration changed
2023-06-30 20:07:59.465 [info] Configuration changed
2023-06-30 20:08:03.187 [info] Active editor: untitled:Untitled-1
2023-06-30 20:09:00.368 [info] Untitled-1 closed
2023-06-30 20:11:09.629 [info] Active editor: vscode-userdata:/home/juan/.config/Code%20-%20OSS/User/keybindings.json
2023-06-30 20:13:08.592 [info] Active editor: file:///home/juan/.vimrc
2023-06-30 20:13:11.652 [info] Active editor: vscode-userdata:/home/juan/.config/Code%20-%20OSS/User/keybindings.json
2023-06-30 20:13:30.863 [info] /home/juan/.config/Code - OSS/User/settings.json closed
2023-06-30 20:13:30.876 [info] Configuration changed
2023-06-30 20:13:32.769 [info] /home/juan/.config/Code - OSS/User/settings.json closed
2023-06-30 20:13:32.779 [info] Configuration changed
2023-06-30 20:13:49.011 [info] /home/juan/.config/Code - OSS/User/settings.json closed
2023-06-30 20:13:49.022 [info] Configuration changed
2023-06-30 20:14:03.157 [info] /home/juan/.config/Code - OSS/User/settings.json closed
2023-06-30 20:14:03.165 [info] Configuration changed
2023-06-30 20:14:04.727 [info] /home/juan/.config/Code - OSS/User/settings.json closed
2023-06-30 20:14:04.735 [info] Configuration changed
2023-06-30 20:14:07.366 [info] /home/juan/.config/Code - OSS/User/settings.json closed
2023-06-30 20:14:07.376 [info] Configuration changed
2023-06-30 20:14:10.000 [info] /keybindings closed
2023-06-30 20:14:16.981 [info] /home/juan/.config/Code - OSS/User/settings.json closed
2023-06-30 20:14:16.989 [info] Configuration changed
2023-06-30 20:14:20.131 [info] /home/juan/.config/Code - OSS/User/settings.json closed
2023-06-30 20:14:20.141 [info] Configuration changed
2023-06-30 20:14:22.770 [info] /home/juan/.config/Code - OSS/User/settings.json closed
2023-06-30 20:14:25.561 [info] /home/juan/.config/Code - OSS/User/settings.json closed
2023-06-30 20:14:25.572 [info] Configuration changed
2023-06-30 20:14:27.479 [info] /home/juan/.config/Code - OSS/User/settings.json closed
2023-06-30 20:14:27.487 [info] Configuration changed
2023-06-30 20:14:35.092 [info] /home/juan/.config/Code - OSS/User/settings.json closed
2023-06-30 20:14:35.100 [info] Configuration changed
2023-06-30 20:14:40.010 [info] /home/juan/.config/Code - OSS/User/settings.json closed
2023-06-30 20:14:40.020 [info] Configuration changed
2023-06-30 20:14:59.431 [info] /home/juan/.config/Code - OSS/User/settings.json closed
2023-06-30 20:14:59.443 [info] Configuration changed
2023-06-30 20:15:00.435 [info] /home/juan/.config/Code - OSS/User/settings.json closed
2023-06-30 20:15:00.443 [info] Configuration changed
2023-06-30 20:15:11.501 [info] Active editor: vscode-userdata:/home/juan/.config/Code%20-%20OSS/User/keybindings.json
2023-06-30 20:15:16.821 [info] Active editor: file:///home/juan/.config/Code%20-%20OSS/User/.vimrc
2023-06-30 20:15:19.589 [warning] getLineLength() called with out-of-bounds line 0
2023-06-30 20:15:19.589 [warning] getLineLength() called with out-of-bounds line 0
2023-06-30 20:15:19.593 [info] Active editor: vscode-userdata:/home/juan/.config/Code%20-%20OSS/User/keybindings.json
2023-06-30 20:16:08.565 [info] /home/juan/.vimrc closed
2023-06-30 20:16:34.841 [info] /home/juan/.config/Code - OSS/User/keybindings.json closed
2023-06-30 20:16:43.622 [info] Active editor: untitled:Untitled-1
2023-06-30 20:16:52.178 [info] Active editor: vscode-userdata:/home/juan/.config/Code%20-%20OSS/User/settings.json
2023-06-30 20:17:10.026 [info] /keybindings closed
2023-06-30 20:17:28.868 [info] Executing :w
2023-06-30 20:17:29.162 [info] Configuration changed
2023-06-30 20:17:48.391 [info] Active editor: vscode-userdata:/home/juan/.config/Code%20-%20OSS/User/settings.json
2023-06-30 20:18:06.452 [info] Executing :w
2023-06-30 20:18:08.468 [info] /home/juan/.config/Code - OSS/User/settings.json closed
2023-06-30 20:18:08.473 [info] Active editor: untitled:Untitled-1
2023-06-30 20:18:15.503 [info] Active editor: vscode-userdata:/home/juan/.config/Code%20-%20OSS/User/keybindings.json
2023-06-30 20:18:16.798 [info] /home/juan/.config/Code - OSS/User/.vimrc closed
2023-06-30 20:18:24.535 [info] Executing :W
2023-06-30 20:18:29.033 [info] Executing :w
2023-06-30 20:18:37.513 [info] Executing :w
